<?xml version="1.0" encoding="UTF-8"?>
<coverage generated="1645412945746" clover="3.2.0">
  <project timestamp="1645412945746" name="All files">
    <metrics statements="102" coveredstatements="82" conditionals="26" coveredconditionals="19" methods="46" coveredmethods="39" elements="174" coveredelements="140" complexity="0" loc="102" ncloc="102" packages="24" files="24" classes="24"/>
    <package name="src">
      <metrics statements="2" coveredstatements="2" conditionals="0" coveredconditionals="0" methods="0" coveredmethods="0"/>
      <file name="theme.tsx" path="/home/saikk/Zemoso_Training/react/blinklist/src/theme.tsx">
        <metrics statements="2" coveredstatements="2" conditionals="0" coveredconditionals="0" methods="0" coveredmethods="0"/>
        <line num="7" count="2" type="stmt"/>
        <line num="266" count="2" type="stmt"/>
      </file>
    </package>
    <package name="src.components.atoms.AddToLibraryButton">
      <metrics statements="3" coveredstatements="3" conditionals="0" coveredconditionals="0" methods="1" coveredmethods="1"/>
      <file name="AddToLibraryButton.tsx" path="/home/saikk/Zemoso_Training/react/blinklist/src/components/atoms/AddToLibraryButton/AddToLibraryButton.tsx">
        <metrics statements="3" coveredstatements="3" conditionals="0" coveredconditionals="0" methods="1" coveredmethods="1"/>
        <line num="6" count="3" type="stmt"/>
        <line num="7" count="2" type="stmt"/>
        <line num="9" count="2" type="stmt"/>
      </file>
    </package>
    <package name="src.components.atoms.BlinklistLogo">
      <metrics statements="1" coveredstatements="1" conditionals="0" coveredconditionals="0" methods="1" coveredmethods="1"/>
      <file name="BlinkListLogo.tsx" path="/home/saikk/Zemoso_Training/react/blinklist/src/components/atoms/BlinklistLogo/BlinkListLogo.tsx">
        <metrics statements="1" coveredstatements="1" conditionals="0" coveredconditionals="0" methods="1" coveredmethods="1"/>
        <line num="4" count="4" type="stmt"/>
      </file>
    </package>
    <package name="src.components.atoms.FinishReadingButton">
      <metrics statements="5" coveredstatements="2" conditionals="2" coveredconditionals="1" methods="2" coveredmethods="1"/>
      <file name="FinishReadingButton.tsx" path="/home/saikk/Zemoso_Training/react/blinklist/src/components/atoms/FinishReadingButton/FinishReadingButton.tsx">
        <metrics statements="5" coveredstatements="2" conditionals="2" coveredconditionals="1" methods="2" coveredmethods="1"/>
        <line num="12" count="3" type="stmt"/>
        <line num="13" count="1" type="stmt"/>
        <line num="18" count="0" type="stmt"/>
        <line num="19" count="0" type="stmt"/>
        <line num="20" count="0" type="stmt"/>
      </file>
    </package>
    <package name="src.components.atoms.KindleButton">
      <metrics statements="3" coveredstatements="3" conditionals="0" coveredconditionals="0" methods="1" coveredmethods="1"/>
      <file name="KindleButton.tsx" path="/home/saikk/Zemoso_Training/react/blinklist/src/components/atoms/KindleButton/KindleButton.tsx">
        <metrics statements="3" coveredstatements="3" conditionals="0" coveredconditionals="0" methods="1" coveredmethods="1"/>
        <line num="6" count="2" type="stmt"/>
        <line num="7" count="1" type="stmt"/>
        <line num="8" count="1" type="stmt"/>
      </file>
    </package>
    <package name="src.components.atoms.ReadAgainButton">
      <metrics statements="2" coveredstatements="2" conditionals="0" coveredconditionals="0" methods="2" coveredmethods="2"/>
      <file name="ReadAgainButton.tsx" path="/home/saikk/Zemoso_Training/react/blinklist/src/components/atoms/ReadAgainButton/ReadAgainButton.tsx">
        <metrics statements="2" coveredstatements="2" conditionals="0" coveredconditionals="0" methods="2" coveredmethods="2"/>
        <line num="10" count="3" type="stmt"/>
        <line num="14" count="1" type="stmt"/>
      </file>
    </package>
    <package name="src.components.atoms.ReadNowButton">
      <metrics statements="2" coveredstatements="2" conditionals="0" coveredconditionals="0" methods="1" coveredmethods="1"/>
      <file name="ReadNowButton.tsx" path="/home/saikk/Zemoso_Training/react/blinklist/src/components/atoms/ReadNowButton/ReadNowButton.tsx">
        <metrics statements="2" coveredstatements="2" conditionals="0" coveredconditionals="0" methods="1" coveredmethods="1"/>
        <line num="4" count="3" type="stmt"/>
        <line num="5" count="1" type="stmt"/>
      </file>
    </package>
    <package name="src.components.atoms.SearchIcon">
      <metrics statements="1" coveredstatements="1" conditionals="0" coveredconditionals="0" methods="1" coveredmethods="1"/>
      <file name="SearchIconComponent.tsx" path="/home/saikk/Zemoso_Training/react/blinklist/src/components/atoms/SearchIcon/SearchIconComponent.tsx">
        <metrics statements="1" coveredstatements="1" conditionals="0" coveredconditionals="0" methods="1" coveredmethods="1"/>
        <line num="5" count="2" type="stmt"/>
      </file>
    </package>
    <package name="src.components.molecules.Explore">
      <metrics statements="2" coveredstatements="2" conditionals="0" coveredconditionals="0" methods="2" coveredmethods="2"/>
      <file name="Explore.tsx" path="/home/saikk/Zemoso_Training/react/blinklist/src/components/molecules/Explore/Explore.tsx">
        <metrics statements="2" coveredstatements="2" conditionals="0" coveredconditionals="0" methods="2" coveredmethods="2"/>
        <line num="10" count="2" type="stmt"/>
        <line num="15" count="1" type="stmt"/>
      </file>
    </package>
    <package name="src.components.molecules.FinishedReadingCard">
      <metrics statements="2" coveredstatements="2" conditionals="0" coveredconditionals="0" methods="1" coveredmethods="1"/>
      <file name="FinishedReadingCard.tsx" path="/home/saikk/Zemoso_Training/react/blinklist/src/components/molecules/FinishedReadingCard/FinishedReadingCard.tsx">
        <metrics statements="2" coveredstatements="2" conditionals="0" coveredconditionals="0" methods="1" coveredmethods="1"/>
        <line num="29" count="3" type="stmt"/>
        <line num="30" count="2" type="stmt"/>
      </file>
    </package>
    <package name="src.components.molecules.Login">
      <metrics statements="2" coveredstatements="2" conditionals="0" coveredconditionals="0" methods="2" coveredmethods="2"/>
      <file name="Login.tsx" path="/home/saikk/Zemoso_Training/react/blinklist/src/components/molecules/Login/Login.tsx">
        <metrics statements="2" coveredstatements="2" conditionals="0" coveredconditionals="0" methods="2" coveredmethods="2"/>
        <line num="10" count="1" type="stmt"/>
        <line num="11" count="1" type="stmt"/>
      </file>
    </package>
    <package name="src.components.molecules.Logout">
      <metrics statements="2" coveredstatements="2" conditionals="0" coveredconditionals="0" methods="2" coveredmethods="2"/>
      <file name="Logout.tsx" path="/home/saikk/Zemoso_Training/react/blinklist/src/components/molecules/Logout/Logout.tsx">
        <metrics statements="2" coveredstatements="2" conditionals="0" coveredconditionals="0" methods="2" coveredmethods="2"/>
        <line num="10" count="2" type="stmt"/>
        <line num="11" count="1" type="stmt"/>
      </file>
    </package>
    <package name="src.components.molecules.SearchBar">
      <metrics statements="4" coveredstatements="2" conditionals="2" coveredconditionals="1" methods="2" coveredmethods="1"/>
      <file name="SearchBar.tsx" path="/home/saikk/Zemoso_Training/react/blinklist/src/components/molecules/SearchBar/SearchBar.tsx">
        <metrics statements="4" coveredstatements="2" conditionals="2" coveredconditionals="1" methods="2" coveredmethods="1"/>
        <line num="15" count="2" type="stmt"/>
        <line num="16" count="2" type="stmt"/>
        <line num="24" count="0" type="stmt"/>
        <line num="25" count="0" type="stmt"/>
      </file>
    </package>
    <package name="src.components.organisms.BasicTabs">
      <metrics statements="8" coveredstatements="7" conditionals="2" coveredconditionals="2" methods="4" coveredmethods="3"/>
      <file name="BasicTabs.tsx" path="/home/saikk/Zemoso_Training/react/blinklist/src/components/organisms/BasicTabs/BasicTabs.tsx">
        <metrics statements="8" coveredstatements="7" conditionals="2" coveredconditionals="2" methods="4" coveredmethods="3"/>
        <line num="18" count="6" type="stmt"/>
        <line num="20" count="4" type="stmt"/>
        <line num="38" count="4" type="stmt"/>
        <line num="59" count="4" type="stmt"/>
        <line num="60" count="2" type="stmt"/>
        <line num="62" count="2" type="stmt"/>
        <line num="63" count="0" type="stmt"/>
        <line num="66" count="2" type="stmt"/>
      </file>
    </package>
    <package name="src.components.organisms.BookDetailPage">
      <metrics statements="8" coveredstatements="6" conditionals="0" coveredconditionals="0" methods="2" coveredmethods="2"/>
      <file name="BookDetailPage.tsx" path="/home/saikk/Zemoso_Training/react/blinklist/src/components/organisms/BookDetailPage/BookDetailPage.tsx">
        <metrics statements="8" coveredstatements="6" conditionals="0" coveredconditionals="0" methods="2" coveredmethods="2"/>
        <line num="14" count="2" type="stmt"/>
        <line num="95" count="2" type="stmt"/>
        <line num="96" count="3" type="stmt"/>
        <line num="106" count="2" type="stmt"/>
        <line num="107" count="2" type="stmt"/>
        <line num="109" count="2" type="stmt"/>
        <line num="111" count="0" type="stmt"/>
        <line num="112" count="0" type="stmt"/>
      </file>
    </package>
    <package name="src.components.organisms.BookTabs">
      <metrics statements="9" coveredstatements="8" conditionals="2" coveredconditionals="2" methods="4" coveredmethods="3"/>
      <file name="BookTabs.tsx" path="/home/saikk/Zemoso_Training/react/blinklist/src/components/organisms/BookTabs/BookTabs.tsx">
        <metrics statements="9" coveredstatements="8" conditionals="2" coveredconditionals="2" methods="4" coveredmethods="3"/>
        <line num="9" count="3" type="stmt"/>
        <line num="37" count="4" type="stmt"/>
        <line num="39" count="3" type="stmt"/>
        <line num="57" count="3" type="stmt"/>
        <line num="64" count="2" type="stmt"/>
        <line num="65" count="1" type="stmt"/>
        <line num="67" count="1" type="stmt"/>
        <line num="68" count="0" type="stmt"/>
        <line num="71" count="1" type="stmt"/>
      </file>
    </package>
    <package name="src.components.organisms.Booklist">
      <metrics statements="7" coveredstatements="7" conditionals="4" coveredconditionals="4" methods="3" coveredmethods="3"/>
      <file name="Booklist.tsx" path="/home/saikk/Zemoso_Training/react/blinklist/src/components/organisms/Booklist/Booklist.tsx">
        <metrics statements="7" coveredstatements="7" conditionals="4" coveredconditionals="4" methods="3" coveredmethods="3"/>
        <line num="12" count="3" type="stmt"/>
        <line num="81" count="3" type="stmt"/>
        <line num="82" count="6" type="stmt"/>
        <line num="83" count="3" type="stmt"/>
        <line num="87" count="6" type="cond" truecount="4" falsecount="0"/>
        <line num="88" count="2" type="stmt"/>
        <line num="135" count="1" type="stmt"/>
      </file>
    </package>
    <package name="src.components.organisms.EntrepreneurBooks">
      <metrics statements="4" coveredstatements="4" conditionals="6" coveredconditionals="6" methods="2" coveredmethods="2"/>
      <file name="EntrepreneurBooks.tsx" path="/home/saikk/Zemoso_Training/react/blinklist/src/components/organisms/EntrepreneurBooks/EntrepreneurBooks.tsx">
        <metrics statements="4" coveredstatements="4" conditionals="6" coveredconditionals="6" methods="2" coveredmethods="2"/>
        <line num="13" count="3" type="stmt"/>
        <line num="57" count="2" type="stmt"/>
        <line num="58" count="2" type="stmt"/>
        <line num="69" count="2" type="stmt"/>
      </file>
    </package>
    <package name="src.components.organisms.EntrepreneurPage">
      <metrics statements="10" coveredstatements="6" conditionals="2" coveredconditionals="0" methods="3" coveredmethods="1"/>
      <file name="EntrepreneurPage.tsx" path="/home/saikk/Zemoso_Training/react/blinklist/src/components/organisms/EntrepreneurPage/EntrepreneurPage.tsx">
        <metrics statements="10" coveredstatements="6" conditionals="2" coveredconditionals="0" methods="3" coveredmethods="1"/>
        <line num="8" count="1" type="stmt"/>
        <line num="86" count="1" type="stmt"/>
        <line num="87" count="1" type="stmt"/>
        <line num="88" count="1" type="stmt"/>
        <line num="90" count="1" type="stmt"/>
        <line num="92" count="0" type="stmt"/>
        <line num="93" count="0" type="stmt"/>
        <line num="94" count="0" type="stmt"/>
        <line num="99" count="0" type="stmt"/>
        <line num="102" count="1" type="stmt"/>
      </file>
    </package>
    <package name="src.components.organisms.Explore">
      <metrics statements="2" coveredstatements="2" conditionals="0" coveredconditionals="0" methods="2" coveredmethods="2"/>
      <file name="ExploreContainer.tsx" path="/home/saikk/Zemoso_Training/react/blinklist/src/components/organisms/Explore/ExploreContainer.tsx">
        <metrics statements="2" coveredstatements="2" conditionals="0" coveredconditionals="0" methods="2" coveredmethods="2"/>
        <line num="12" count="2" type="stmt"/>
        <line num="33" count="1" type="stmt"/>
      </file>
    </package>
    <package name="src.components.organisms.FinishedBookList">
      <metrics statements="7" coveredstatements="7" conditionals="2" coveredconditionals="2" methods="2" coveredmethods="2"/>
      <file name="FinishedBookList.tsx" path="/home/saikk/Zemoso_Training/react/blinklist/src/components/organisms/FinishedBookList/FinishedBookList.tsx">
        <metrics statements="7" coveredstatements="7" conditionals="2" coveredconditionals="2" methods="2" coveredmethods="2"/>
        <line num="6" count="4" type="stmt"/>
        <line num="67" count="4" type="stmt"/>
        <line num="68" count="2" type="stmt"/>
        <line num="69" count="1" type="stmt"/>
        <line num="70" count="1" type="stmt"/>
        <line num="74" count="2" type="cond" truecount="2" falsecount="0"/>
        <line num="75" count="1" type="stmt"/>
      </file>
    </package>
    <package name="src.components.organisms.Footer">
      <metrics statements="3" coveredstatements="3" conditionals="0" coveredconditionals="0" methods="2" coveredmethods="2"/>
      <file name="Footer.tsx" path="/home/saikk/Zemoso_Training/react/blinklist/src/components/organisms/Footer/Footer.tsx">
        <metrics statements="3" coveredstatements="3" conditionals="0" coveredconditionals="0" methods="2" coveredmethods="2"/>
        <line num="7" count="1" type="stmt"/>
        <line num="26" count="1" type="stmt"/>
        <line num="27" count="1" type="stmt"/>
      </file>
    </package>
    <package name="src.components.organisms.LandingPage">
      <metrics statements="3" coveredstatements="3" conditionals="0" coveredconditionals="0" methods="2" coveredmethods="2"/>
      <file name="LandingPage.tsx" path="/home/saikk/Zemoso_Training/react/blinklist/src/components/organisms/LandingPage/LandingPage.tsx">
        <metrics statements="3" coveredstatements="3" conditionals="0" coveredconditionals="0" methods="2" coveredmethods="2"/>
        <line num="18" count="1" type="stmt"/>
        <line num="42" count="2" type="stmt"/>
        <line num="44" count="1" type="stmt"/>
      </file>
    </package>
    <package name="src.components.organisms.Navbar">
      <metrics statements="10" coveredstatements="3" conditionals="4" coveredconditionals="1" methods="2" coveredmethods="1"/>
      <file name="Navbar.tsx" path="/home/saikk/Zemoso_Training/react/blinklist/src/components/organisms/Navbar/Navbar.tsx">
        <metrics statements="10" coveredstatements="3" conditionals="4" coveredconditionals="1" methods="2" coveredmethods="1"/>
        <line num="14" count="1" type="stmt"/>
        <line num="15" count="2" type="stmt"/>
        <line num="16" count="1" type="stmt"/>
        <line num="263" count="0" type="cond" truecount="0" falsecount="2"/>
        <line num="264" count="0" type="stmt"/>
        <line num="265" count="0" type="stmt"/>
        <line num="266" count="0" type="stmt"/>
        <line num="269" count="0" type="stmt"/>
        <line num="271" count="0" type="stmt"/>
        <line num="272" count="0" type="stmt"/>
      </file>
    </package>
  </project>
</coverage>
