{"/home/saikk/Zemoso_Training/react/blinklist/src/theme.tsx": {"path":"/home/saikk/Zemoso_Training/react/blinklist/src/theme.tsx","statementMap":{"0":{"start":{"line":7,"column":18},"end":{"line":264,"column":2}},"1":{"start":{"line":266,"column":21},"end":{"line":272,"column":2}}},"fnMap":{},"branchMap":{},"s":{"0":1,"1":1},"f":{},"b":{},"_coverageSchema":"1a1c01bbd47fc00a2c39e90264f33305004495a9","hash":"1aa99e5b547db78d73fbc9ab5124871028992dec"}
,"/home/saikk/Zemoso_Training/react/blinklist/src/components/atoms/AddToLibraryButton/AddToLibraryButton.tsx": {"path":"/home/saikk/Zemoso_Training/react/blinklist/src/components/atoms/AddToLibraryButton/AddToLibraryButton.tsx","statementMap":{"0":{"start":{"line":6,"column":27},"end":{"line":24,"column":1}},"1":{"start":{"line":7,"column":16},"end":{"line":7,"column":27}},"2":{"start":{"line":9,"column":2},"end":{"line":23,"column":4}}},"fnMap":{"0":{"name":"(anonymous_0)","decl":{"start":{"line":6,"column":27},"end":{"line":6,"column":28}},"loc":{"start":{"line":6,"column":33},"end":{"line":24,"column":1}},"line":6}},"branchMap":{},"s":{"0":1,"1":1,"2":1},"f":{"0":1},"b":{},"_coverageSchema":"1a1c01bbd47fc00a2c39e90264f33305004495a9","hash":"2ab95752b515465799f8148995f1060e1faf4f64"}
,"/home/saikk/Zemoso_Training/react/blinklist/src/components/atoms/BlinklistLogo/BlinkListLogo.tsx": {"path":"/home/saikk/Zemoso_Training/react/blinklist/src/components/atoms/BlinklistLogo/BlinkListLogo.tsx","statementMap":{"0":{"start":{"line":4,"column":2},"end":{"line":10,"column":4}}},"fnMap":{"0":{"name":"BlinkListLogo","decl":{"start":{"line":3,"column":9},"end":{"line":3,"column":22}},"loc":{"start":{"line":3,"column":35},"end":{"line":11,"column":1}},"line":3}},"branchMap":{},"s":{"0":1},"f":{"0":1},"b":{},"_coverageSchema":"1a1c01bbd47fc00a2c39e90264f33305004495a9","hash":"4dd731fd5b677d46cd82219e934cb9765988bbd7"}
,"/home/saikk/Zemoso_Training/react/blinklist/src/components/atoms/FinishReadingButton/FinishReadingButton.tsx": {"path":"/home/saikk/Zemoso_Training/react/blinklist/src/components/atoms/FinishReadingButton/FinishReadingButton.tsx","statementMap":{"0":{"start":{"line":12,"column":28},"end":{"line":35,"column":1}},"1":{"start":{"line":13,"column":2},"end":{"line":34,"column":4}},"2":{"start":{"line":18,"column":8},"end":{"line":18,"column":52}},"3":{"start":{"line":19,"column":8},"end":{"line":19,"column":41}},"4":{"start":{"line":20,"column":8},"end":{"line":20,"column":41}}},"fnMap":{"0":{"name":"(anonymous_0)","decl":{"start":{"line":12,"column":28},"end":{"line":12,"column":29}},"loc":{"start":{"line":12,"column":58},"end":{"line":35,"column":1}},"line":12},"1":{"name":"(anonymous_1)","decl":{"start":{"line":17,"column":15},"end":{"line":17,"column":16}},"loc":{"start":{"line":17,"column":22},"end":{"line":21,"column":7}},"line":17}},"branchMap":{"0":{"loc":{"start":{"line":16,"column":16},"end":{"line":16,"column":45}},"type":"cond-expr","locations":[{"start":{"line":16,"column":33},"end":{"line":16,"column":37}},{"start":{"line":16,"column":40},"end":{"line":16,"column":45}}],"line":16}},"s":{"0":3,"1":1,"2":0,"3":0,"4":0},"f":{"0":1,"1":0},"b":{"0":[1,0]},"_coverageSchema":"1a1c01bbd47fc00a2c39e90264f33305004495a9","hash":"8e2c074d5ce2228defd06058d2431a3d368fdc0d"}
,"/home/saikk/Zemoso_Training/react/blinklist/src/components/atoms/KindleButton/KindleButton.tsx": {"path":"/home/saikk/Zemoso_Training/react/blinklist/src/components/atoms/KindleButton/KindleButton.tsx","statementMap":{"0":{"start":{"line":6,"column":21},"end":{"line":24,"column":1}},"1":{"start":{"line":7,"column":18},"end":{"line":7,"column":29}},"2":{"start":{"line":8,"column":2},"end":{"line":23,"column":4}}},"fnMap":{"0":{"name":"(anonymous_0)","decl":{"start":{"line":6,"column":21},"end":{"line":6,"column":22}},"loc":{"start":{"line":6,"column":27},"end":{"line":24,"column":1}},"line":6}},"branchMap":{},"s":{"0":2,"1":1,"2":1},"f":{"0":1},"b":{},"_coverageSchema":"1a1c01bbd47fc00a2c39e90264f33305004495a9","hash":"112721b54922bfaed8f9c96cad250bfac81f44f7"}
,"/home/saikk/Zemoso_Training/react/blinklist/src/components/atoms/ReadAgainButton/ReadAgainButton.tsx": {"path":"/home/saikk/Zemoso_Training/react/blinklist/src/components/atoms/ReadAgainButton/ReadAgainButton.tsx","statementMap":{"0":{"start":{"line":10,"column":2},"end":{"line":21,"column":4}},"1":{"start":{"line":14,"column":8},"end":{"line":14,"column":44}}},"fnMap":{"0":{"name":"ReadAgainButton","decl":{"start":{"line":9,"column":9},"end":{"line":9,"column":24}},"loc":{"start":{"line":9,"column":48},"end":{"line":22,"column":1}},"line":9},"1":{"name":"(anonymous_1)","decl":{"start":{"line":13,"column":15},"end":{"line":13,"column":16}},"loc":{"start":{"line":13,"column":22},"end":{"line":15,"column":7}},"line":13}},"branchMap":{},"s":{"0":2,"1":1},"f":{"0":2,"1":1},"b":{},"_coverageSchema":"1a1c01bbd47fc00a2c39e90264f33305004495a9","hash":"a2be9ecf81e710bed95d7d37f4ab3d1ccbb65ef4"}
,"/home/saikk/Zemoso_Training/react/blinklist/src/components/atoms/ReadNowButton/ReadNowButton.tsx": {"path":"/home/saikk/Zemoso_Training/react/blinklist/src/components/atoms/ReadNowButton/ReadNowButton.tsx","statementMap":{"0":{"start":{"line":4,"column":22},"end":{"line":20,"column":1}},"1":{"start":{"line":5,"column":2},"end":{"line":19,"column":4}}},"fnMap":{"0":{"name":"(anonymous_0)","decl":{"start":{"line":4,"column":22},"end":{"line":4,"column":23}},"loc":{"start":{"line":4,"column":28},"end":{"line":20,"column":1}},"line":4}},"branchMap":{},"s":{"0":3,"1":1},"f":{"0":1},"b":{},"_coverageSchema":"1a1c01bbd47fc00a2c39e90264f33305004495a9","hash":"3dc6dc67995beb2ff55c04ed4eb05ee005fcfcb1"}
,"/home/saikk/Zemoso_Training/react/blinklist/src/components/atoms/SearchIcon/SearchIconComponent.tsx": {"path":"/home/saikk/Zemoso_Training/react/blinklist/src/components/atoms/SearchIcon/SearchIconComponent.tsx","statementMap":{"0":{"start":{"line":5,"column":2},"end":{"line":5,"column":79}}},"fnMap":{"0":{"name":"SearchIconComponent","decl":{"start":{"line":4,"column":9},"end":{"line":4,"column":28}},"loc":{"start":{"line":4,"column":31},"end":{"line":6,"column":1}},"line":4}},"branchMap":{},"s":{"0":1},"f":{"0":1},"b":{},"_coverageSchema":"1a1c01bbd47fc00a2c39e90264f33305004495a9","hash":"e1af28cd9a385ef431af8984199a8b1adfd7e89d"}
,"/home/saikk/Zemoso_Training/react/blinklist/src/components/molecules/Explore/Explore.tsx": {"path":"/home/saikk/Zemoso_Training/react/blinklist/src/components/molecules/Explore/Explore.tsx","statementMap":{"0":{"start":{"line":10,"column":2},"end":{"line":21,"column":4}},"1":{"start":{"line":15,"column":8},"end":{"line":15,"column":29}}},"fnMap":{"0":{"name":"Explore","decl":{"start":{"line":9,"column":9},"end":{"line":9,"column":16}},"loc":{"start":{"line":9,"column":42},"end":{"line":22,"column":1}},"line":9},"1":{"name":"(anonymous_1)","decl":{"start":{"line":14,"column":15},"end":{"line":14,"column":16}},"loc":{"start":{"line":14,"column":22},"end":{"line":16,"column":7}},"line":14}},"branchMap":{},"s":{"0":1,"1":1},"f":{"0":1,"1":1},"b":{},"_coverageSchema":"1a1c01bbd47fc00a2c39e90264f33305004495a9","hash":"48a8eb4bec6cfd763fd785e0ee64acf45e8d03dc"}
,"/home/saikk/Zemoso_Training/react/blinklist/src/components/molecules/FinishedReadingCard/FinishedReadingCard.tsx": {"path":"/home/saikk/Zemoso_Training/react/blinklist/src/components/molecules/FinishedReadingCard/FinishedReadingCard.tsx","statementMap":{"0":{"start":{"line":29,"column":16},"end":{"line":29,"column":27}},"1":{"start":{"line":30,"column":2},"end":{"line":85,"column":4}}},"fnMap":{"0":{"name":"FinishedReadingCard","decl":{"start":{"line":28,"column":9},"end":{"line":28,"column":28}},"loc":{"start":{"line":28,"column":51},"end":{"line":86,"column":1}},"line":28}},"branchMap":{},"s":{"0":1,"1":1},"f":{"0":1},"b":{},"_coverageSchema":"1a1c01bbd47fc00a2c39e90264f33305004495a9","hash":"37d6e6c16804a1f49b493ef8dc93ad10d9a0abcb"}
,"/home/saikk/Zemoso_Training/react/blinklist/src/components/molecules/Login/Login.tsx": {"path":"/home/saikk/Zemoso_Training/react/blinklist/src/components/molecules/Login/Login.tsx","statementMap":{"0":{"start":{"line":10,"column":2},"end":{"line":17,"column":4}},"1":{"start":{"line":11,"column":44},"end":{"line":11,"column":58}}},"fnMap":{"0":{"name":"Login","decl":{"start":{"line":9,"column":9},"end":{"line":9,"column":14}},"loc":{"start":{"line":9,"column":30},"end":{"line":18,"column":1}},"line":9},"1":{"name":"(anonymous_1)","decl":{"start":{"line":11,"column":38},"end":{"line":11,"column":39}},"loc":{"start":{"line":11,"column":44},"end":{"line":11,"column":58}},"line":11}},"branchMap":{},"s":{"0":1,"1":1},"f":{"0":1,"1":1},"b":{},"_coverageSchema":"1a1c01bbd47fc00a2c39e90264f33305004495a9","hash":"df9991a6249aebcc4cf6e3e7ff5dcaf8c17eb2b6"}
,"/home/saikk/Zemoso_Training/react/blinklist/src/components/molecules/Logout/Logout.tsx": {"path":"/home/saikk/Zemoso_Training/react/blinklist/src/components/molecules/Logout/Logout.tsx","statementMap":{"0":{"start":{"line":10,"column":2},"end":{"line":18,"column":4}},"1":{"start":{"line":11,"column":45},"end":{"line":11,"column":70}}},"fnMap":{"0":{"name":"Logout","decl":{"start":{"line":9,"column":9},"end":{"line":9,"column":15}},"loc":{"start":{"line":9,"column":32},"end":{"line":19,"column":1}},"line":9},"1":{"name":"(anonymous_1)","decl":{"start":{"line":11,"column":39},"end":{"line":11,"column":40}},"loc":{"start":{"line":11,"column":45},"end":{"line":11,"column":70}},"line":11}},"branchMap":{},"s":{"0":1,"1":1},"f":{"0":1,"1":1},"b":{},"_coverageSchema":"1a1c01bbd47fc00a2c39e90264f33305004495a9","hash":"e517a2cc5c44dbcce2d4fb3c2211dbf789ea3c32"}
,"/home/saikk/Zemoso_Training/react/blinklist/src/components/molecules/SearchBar/SearchBar.tsx": {"path":"/home/saikk/Zemoso_Training/react/blinklist/src/components/molecules/SearchBar/SearchBar.tsx","statementMap":{"0":{"start":{"line":15,"column":18},"end":{"line":37,"column":1}},"1":{"start":{"line":16,"column":2},"end":{"line":36,"column":4}},"2":{"start":{"line":24,"column":8},"end":{"line":24,"column":37}},"3":{"start":{"line":25,"column":8},"end":{"line":25,"column":37}}},"fnMap":{"0":{"name":"(anonymous_0)","decl":{"start":{"line":15,"column":18},"end":{"line":15,"column":19}},"loc":{"start":{"line":15,"column":41},"end":{"line":37,"column":1}},"line":15},"1":{"name":"(anonymous_1)","decl":{"start":{"line":23,"column":16},"end":{"line":23,"column":17}},"loc":{"start":{"line":23,"column":23},"end":{"line":26,"column":7}},"line":23}},"branchMap":{"0":{"loc":{"start":{"line":20,"column":13},"end":{"line":20,"column":49}},"type":"cond-expr","locations":[{"start":{"line":20,"column":33},"end":{"line":20,"column":37}},{"start":{"line":20,"column":40},"end":{"line":20,"column":49}}],"line":20}},"s":{"0":1,"1":1,"2":0,"3":0},"f":{"0":1,"1":0},"b":{"0":[0,1]},"_coverageSchema":"1a1c01bbd47fc00a2c39e90264f33305004495a9","hash":"97f719318831bcf8e0c3a563aef31557ca3814f3"}
,"/home/saikk/Zemoso_Training/react/blinklist/src/components/organisms/BasicTabs/BasicTabs.tsx": {"path":"/home/saikk/Zemoso_Training/react/blinklist/src/components/organisms/BasicTabs/BasicTabs.tsx","statementMap":{"0":{"start":{"line":18,"column":47},"end":{"line":18,"column":52}},"1":{"start":{"line":20,"column":2},"end":{"line":34,"column":4}},"2":{"start":{"line":38,"column":2},"end":{"line":41,"column":4}},"3":{"start":{"line":59,"column":18},"end":{"line":59,"column":29}},"4":{"start":{"line":60,"column":28},"end":{"line":60,"column":45}},"5":{"start":{"line":62,"column":23},"end":{"line":64,"column":3}},"6":{"start":{"line":63,"column":4},"end":{"line":63,"column":23}},"7":{"start":{"line":66,"column":2},"end":{"line":114,"column":4}}},"fnMap":{"0":{"name":"TabPanel","decl":{"start":{"line":17,"column":9},"end":{"line":17,"column":17}},"loc":{"start":{"line":17,"column":40},"end":{"line":35,"column":1}},"line":17},"1":{"name":"a11yProps","decl":{"start":{"line":37,"column":9},"end":{"line":37,"column":18}},"loc":{"start":{"line":37,"column":34},"end":{"line":42,"column":1}},"line":37},"2":{"name":"BasicTabs","decl":{"start":{"line":58,"column":24},"end":{"line":58,"column":33}},"loc":{"start":{"line":58,"column":51},"end":{"line":115,"column":1}},"line":58},"3":{"name":"(anonymous_3)","decl":{"start":{"line":62,"column":23},"end":{"line":62,"column":24}},"loc":{"start":{"line":62,"column":74},"end":{"line":64,"column":3}},"line":62}},"branchMap":{"0":{"loc":{"start":{"line":28,"column":7},"end":{"line":32,"column":7}},"type":"binary-expr","locations":[{"start":{"line":28,"column":7},"end":{"line":28,"column":22}},{"start":{"line":29,"column":8},"end":{"line":31,"column":14}}],"line":28}},"s":{"0":3,"1":2,"2":2,"3":2,"4":1,"5":1,"6":0,"7":1},"f":{"0":3,"1":2,"2":2,"3":0},"b":{"0":[2,1]},"_coverageSchema":"1a1c01bbd47fc00a2c39e90264f33305004495a9","hash":"c0c9c62f7f4bc2a9441933e61b82810acc26d16e"}
,"/home/saikk/Zemoso_Training/react/blinklist/src/components/organisms/BookDetailPage/BookDetailPage.tsx": {"path":"/home/saikk/Zemoso_Training/react/blinklist/src/components/organisms/BookDetailPage/BookDetailPage.tsx","statementMap":{"0":{"start":{"line":14,"column":25},"end":{"line":79,"column":2}},"1":{"start":{"line":95,"column":23},"end":{"line":207,"column":1}},"2":{"start":{"line":96,"column":17},"end":{"line":96,"column":28}},"3":{"start":{"line":106,"column":6},"end":{"line":108,"column":7}},"4":{"start":{"line":107,"column":4},"end":{"line":107,"column":37}},"5":{"start":{"line":109,"column":30},"end":{"line":109,"column":63}},"6":{"start":{"line":111,"column":18},"end":{"line":111,"column":29}},"7":{"start":{"line":112,"column":2},"end":{"line":206,"column":4}}},"fnMap":{"0":{"name":"(anonymous_0)","decl":{"start":{"line":95,"column":23},"end":{"line":95,"column":24}},"loc":{"start":{"line":95,"column":42},"end":{"line":207,"column":1}},"line":95},"1":{"name":"(anonymous_1)","decl":{"start":{"line":106,"column":29},"end":{"line":106,"column":30}},"loc":{"start":{"line":106,"column":39},"end":{"line":108,"column":3}},"line":106}},"branchMap":{},"s":{"0":2,"1":2,"2":3,"3":2,"4":2,"5":2,"6":0,"7":0},"f":{"0":3,"1":2},"b":{},"_coverageSchema":"1a1c01bbd47fc00a2c39e90264f33305004495a9","hash":"cb8ae61906c8edf97b5728264ce6c1faeb600afb"}
,"/home/saikk/Zemoso_Training/react/blinklist/src/components/organisms/BookTabs/BookTabs.tsx": {"path":"/home/saikk/Zemoso_Training/react/blinklist/src/components/organisms/BookTabs/BookTabs.tsx","statementMap":{"0":{"start":{"line":9,"column":18},"end":{"line":28,"column":2}},"1":{"start":{"line":37,"column":47},"end":{"line":37,"column":52}},"2":{"start":{"line":39,"column":2},"end":{"line":53,"column":4}},"3":{"start":{"line":57,"column":2},"end":{"line":60,"column":4}},"4":{"start":{"line":64,"column":18},"end":{"line":64,"column":29}},"5":{"start":{"line":65,"column":28},"end":{"line":65,"column":45}},"6":{"start":{"line":67,"column":23},"end":{"line":69,"column":3}},"7":{"start":{"line":68,"column":4},"end":{"line":68,"column":23}},"8":{"start":{"line":71,"column":2},"end":{"line":140,"column":4}}},"fnMap":{"0":{"name":"BookTabPanel","decl":{"start":{"line":36,"column":9},"end":{"line":36,"column":21}},"loc":{"start":{"line":36,"column":44},"end":{"line":54,"column":1}},"line":36},"1":{"name":"a11yPropsBook","decl":{"start":{"line":56,"column":9},"end":{"line":56,"column":22}},"loc":{"start":{"line":56,"column":38},"end":{"line":61,"column":1}},"line":56},"2":{"name":"BookTabs","decl":{"start":{"line":63,"column":24},"end":{"line":63,"column":32}},"loc":{"start":{"line":63,"column":35},"end":{"line":141,"column":1}},"line":63},"3":{"name":"(anonymous_3)","decl":{"start":{"line":67,"column":23},"end":{"line":67,"column":24}},"loc":{"start":{"line":67,"column":74},"end":{"line":69,"column":3}},"line":67}},"branchMap":{"0":{"loc":{"start":{"line":47,"column":7},"end":{"line":51,"column":7}},"type":"binary-expr","locations":[{"start":{"line":47,"column":7},"end":{"line":47,"column":22}},{"start":{"line":48,"column":8},"end":{"line":50,"column":14}}],"line":47}},"s":{"0":2,"1":0,"2":0,"3":0,"4":0,"5":0,"6":0,"7":0,"8":0},"f":{"0":0,"1":0,"2":0,"3":0},"b":{"0":[0,0]},"_coverageSchema":"1a1c01bbd47fc00a2c39e90264f33305004495a9","hash":"5c92caf218dc321edeaa78adf1f5906da64d7e8d"}
,"/home/saikk/Zemoso_Training/react/blinklist/src/components/organisms/Booklist/Booklist.tsx": {"path":"/home/saikk/Zemoso_Training/react/blinklist/src/components/organisms/Booklist/Booklist.tsx","statementMap":{"0":{"start":{"line":12,"column":18},"end":{"line":66,"column":2}},"1":{"start":{"line":81,"column":17},"end":{"line":153,"column":1}},"2":{"start":{"line":82,"column":16},"end":{"line":82,"column":27}},"3":{"start":{"line":83,"column":2},"end":{"line":152,"column":4}},"4":{"start":{"line":87,"column":10},"end":{"line":148,"column":11}},"5":{"start":{"line":88,"column":12},"end":{"line":147,"column":14}},"6":{"start":{"line":135,"column":24},"end":{"line":135,"column":59}}},"fnMap":{"0":{"name":"(anonymous_0)","decl":{"start":{"line":81,"column":17},"end":{"line":81,"column":18}},"loc":{"start":{"line":81,"column":38},"end":{"line":153,"column":1}},"line":81},"1":{"name":"(anonymous_1)","decl":{"start":{"line":86,"column":25},"end":{"line":86,"column":26}},"loc":{"start":{"line":86,"column":35},"end":{"line":149,"column":9}},"line":86},"2":{"name":"(anonymous_2)","decl":{"start":{"line":134,"column":31},"end":{"line":134,"column":32}},"loc":{"start":{"line":134,"column":38},"end":{"line":136,"column":23}},"line":134}},"branchMap":{"0":{"loc":{"start":{"line":87,"column":10},"end":{"line":148,"column":11}},"type":"if","locations":[{"start":{"line":87,"column":10},"end":{"line":148,"column":11}},{"start":{},"end":{}}],"line":87},"1":{"loc":{"start":{"line":87,"column":14},"end":{"line":87,"column":42}},"type":"binary-expr","locations":[{"start":{"line":87,"column":14},"end":{"line":87,"column":28}},{"start":{"line":87,"column":32},"end":{"line":87,"column":42}}],"line":87}},"s":{"0":2,"1":2,"2":4,"3":2,"4":2,"5":1,"6":1},"f":{"0":4,"1":2,"2":1},"b":{"0":[1,1],"1":[2,2]},"_coverageSchema":"1a1c01bbd47fc00a2c39e90264f33305004495a9","hash":"d0cc63e558eef557e076014d1799e0f45dd2009f"}
,"/home/saikk/Zemoso_Training/react/blinklist/src/components/organisms/EntrepreneurBooks/EntrepreneurBooks.tsx": {"path":"/home/saikk/Zemoso_Training/react/blinklist/src/components/organisms/EntrepreneurBooks/EntrepreneurBooks.tsx","statementMap":{"0":{"start":{"line":13,"column":25},"end":{"line":40,"column":2}},"1":{"start":{"line":57,"column":16},"end":{"line":57,"column":27}},"2":{"start":{"line":58,"column":2},"end":{"line":136,"column":4}},"3":{"start":{"line":68,"column":10},"end":{"line":126,"column":12}}},"fnMap":{"0":{"name":"EntrepreneurBooks","decl":{"start":{"line":56,"column":24},"end":{"line":56,"column":41}},"loc":{"start":{"line":56,"column":60},"end":{"line":137,"column":1}},"line":56},"1":{"name":"(anonymous_1)","decl":{"start":{"line":67,"column":28},"end":{"line":67,"column":29}},"loc":{"start":{"line":67,"column":38},"end":{"line":127,"column":9}},"line":67}},"branchMap":{"0":{"loc":{"start":{"line":66,"column":7},"end":{"line":134,"column":7}},"type":"cond-expr","locations":[{"start":{"line":67,"column":8},"end":{"line":127,"column":10}},{"start":{"line":129,"column":8},"end":{"line":133,"column":15}}],"line":66},"1":{"loc":{"start":{"line":77,"column":27},"end":{"line":77,"column":56}},"type":"cond-expr","locations":[{"start":{"line":77,"column":40},"end":{"line":77,"column":43}},{"start":{"line":77,"column":46},"end":{"line":77,"column":56}}],"line":77},"2":{"loc":{"start":{"line":107,"column":17},"end":{"line":123,"column":17}},"type":"cond-expr","locations":[{"start":{"line":108,"column":18},"end":{"line":108,"column":58}},{"start":{"line":122,"column":18},"end":{"line":122,"column":40}}],"line":107}},"s":{"0":1,"1":0,"2":0,"3":0},"f":{"0":0,"1":0},"b":{"0":[0,0],"1":[0,0],"2":[0,0]},"_coverageSchema":"1a1c01bbd47fc00a2c39e90264f33305004495a9","hash":"793f9d43d8f41c5fdb4474ac642fc29a5e37874a"}
,"/home/saikk/Zemoso_Training/react/blinklist/src/components/organisms/Explore/ExploreContainer.tsx": {"path":"/home/saikk/Zemoso_Training/react/blinklist/src/components/organisms/Explore/ExploreContainer.tsx","statementMap":{"0":{"start":{"line":12,"column":2},"end":{"line":207,"column":4}}},"fnMap":{"0":{"name":"ExploreContainer","decl":{"start":{"line":11,"column":9},"end":{"line":11,"column":25}},"loc":{"start":{"line":11,"column":43},"end":{"line":208,"column":1}},"line":11}},"branchMap":{},"s":{"0":1},"f":{"0":1},"b":{},"_coverageSchema":"1a1c01bbd47fc00a2c39e90264f33305004495a9","hash":"70257b966509e38eab5d6623d31e01667a8b16eb"}
,"/home/saikk/Zemoso_Training/react/blinklist/src/components/organisms/FinishedBookList/FinishedBookList.tsx": {"path":"/home/saikk/Zemoso_Training/react/blinklist/src/components/organisms/FinishedBookList/FinishedBookList.tsx","statementMap":{"0":{"start":{"line":14,"column":25},"end":{"line":60,"column":2}},"1":{"start":{"line":75,"column":25},"end":{"line":161,"column":1}},"2":{"start":{"line":76,"column":2},"end":{"line":76,"column":52}},"3":{"start":{"line":77,"column":16},"end":{"line":77,"column":27}},"4":{"start":{"line":78,"column":2},"end":{"line":160,"column":4}},"5":{"start":{"line":82,"column":10},"end":{"line":156,"column":11}},"6":{"start":{"line":83,"column":12},"end":{"line":155,"column":14}}},"fnMap":{"0":{"name":"(anonymous_0)","decl":{"start":{"line":75,"column":25},"end":{"line":75,"column":26}},"loc":{"start":{"line":75,"column":54},"end":{"line":161,"column":1}},"line":75},"1":{"name":"(anonymous_1)","decl":{"start":{"line":81,"column":25},"end":{"line":81,"column":26}},"loc":{"start":{"line":81,"column":35},"end":{"line":157,"column":9}},"line":81}},"branchMap":{"0":{"loc":{"start":{"line":82,"column":10},"end":{"line":156,"column":11}},"type":"if","locations":[{"start":{"line":82,"column":10},"end":{"line":156,"column":11}},{"start":{},"end":{}}],"line":82}},"s":{"0":2,"1":2,"2":0,"3":0,"4":0,"5":0,"6":0},"f":{"0":0,"1":0},"b":{"0":[0,0]},"_coverageSchema":"1a1c01bbd47fc00a2c39e90264f33305004495a9","hash":"62db4829da80e04cd2f9a474d30d2e1b9e170c5f"}
}
