{"/home/saikk/Zemoso_Training/react/blinklist/src/components/atoms/ReadAgainButton/ReadAgainButton.tsx": {"path":"/home/saikk/Zemoso_Training/react/blinklist/src/components/atoms/ReadAgainButton/ReadAgainButton.tsx","statementMap":{"0":{"start":{"line":10,"column":2},"end":{"line":21,"column":4}},"1":{"start":{"line":14,"column":8},"end":{"line":14,"column":44}}},"fnMap":{"0":{"name":"ReadAgainButton","decl":{"start":{"line":9,"column":9},"end":{"line":9,"column":24}},"loc":{"start":{"line":9,"column":48},"end":{"line":22,"column":1}},"line":9},"1":{"name":"(anonymous_1)","decl":{"start":{"line":13,"column":15},"end":{"line":13,"column":16}},"loc":{"start":{"line":13,"column":22},"end":{"line":15,"column":7}},"line":13}},"branchMap":{},"s":{"0":1,"1":1},"f":{"0":1,"1":1},"b":{},"_coverageSchema":"1a1c01bbd47fc00a2c39e90264f33305004495a9","hash":"a2be9ecf81e710bed95d7d37f4ab3d1ccbb65ef4"}
,"/home/saikk/Zemoso_Training/react/blinklist/src/components/atoms/ReadNowButton/ReadNowButton.tsx": {"path":"/home/saikk/Zemoso_Training/react/blinklist/src/components/atoms/ReadNowButton/ReadNowButton.tsx","statementMap":{"0":{"start":{"line":4,"column":22},"end":{"line":20,"column":1}},"1":{"start":{"line":5,"column":2},"end":{"line":19,"column":4}}},"fnMap":{"0":{"name":"(anonymous_0)","decl":{"start":{"line":4,"column":22},"end":{"line":4,"column":23}},"loc":{"start":{"line":4,"column":28},"end":{"line":20,"column":1}},"line":4}},"branchMap":{},"s":{"0":1,"1":1},"f":{"0":1},"b":{},"_coverageSchema":"1a1c01bbd47fc00a2c39e90264f33305004495a9","hash":"3dc6dc67995beb2ff55c04ed4eb05ee005fcfcb1"}
,"/home/saikk/Zemoso_Training/react/blinklist/src/components/atoms/SearchIcon/SearchIconComponent.tsx": {"path":"/home/saikk/Zemoso_Training/react/blinklist/src/components/atoms/SearchIcon/SearchIconComponent.tsx","statementMap":{"0":{"start":{"line":5,"column":2},"end":{"line":5,"column":79}}},"fnMap":{"0":{"name":"SearchIconComponent","decl":{"start":{"line":4,"column":9},"end":{"line":4,"column":28}},"loc":{"start":{"line":4,"column":31},"end":{"line":6,"column":1}},"line":4}},"branchMap":{},"s":{"0":1},"f":{"0":1},"b":{},"_coverageSchema":"1a1c01bbd47fc00a2c39e90264f33305004495a9","hash":"e1af28cd9a385ef431af8984199a8b1adfd7e89d"}
,"/home/saikk/Zemoso_Training/react/blinklist/src/components/molecules/SearchBar/SearchBar.tsx": {"path":"/home/saikk/Zemoso_Training/react/blinklist/src/components/molecules/SearchBar/SearchBar.tsx","statementMap":{"0":{"start":{"line":13,"column":18},"end":{"line":36,"column":1}},"1":{"start":{"line":14,"column":24},"end":{"line":14,"column":42}},"2":{"start":{"line":15,"column":2},"end":{"line":35,"column":4}},"3":{"start":{"line":23,"column":8},"end":{"line":23,"column":37}},"4":{"start":{"line":24,"column":8},"end":{"line":24,"column":31}}},"fnMap":{"0":{"name":"(anonymous_0)","decl":{"start":{"line":13,"column":18},"end":{"line":13,"column":19}},"loc":{"start":{"line":13,"column":41},"end":{"line":36,"column":1}},"line":13},"1":{"name":"(anonymous_1)","decl":{"start":{"line":22,"column":16},"end":{"line":22,"column":17}},"loc":{"start":{"line":22,"column":23},"end":{"line":25,"column":7}},"line":22}},"branchMap":{},"s":{"0":1,"1":1,"2":1,"3":0,"4":0},"f":{"0":1,"1":0},"b":{},"_coverageSchema":"1a1c01bbd47fc00a2c39e90264f33305004495a9","hash":"37aac8bf41d027bab74540e34fac95050edccb29"}
}
