TN:
SF:src/components/atoms/AddToLibraryButton/AddToLibraryButton.tsx
FN:6,(anonymous_0)
FNF:1
FNH:1
FNDA:1,(anonymous_0)
DA:6,1
DA:7,1
DA:9,1
LF:3
LH:3
BRF:0
BRH:0
end_of_record
TN:
SF:src/components/atoms/BlinklistLogo/BlinkListLogo.tsx
FN:3,BlinkListLogo
FNF:1
FNH:1
FNDA:1,BlinkListLogo
DA:4,1
LF:1
LH:1
BRF:0
BRH:0
end_of_record
TN:
SF:src/components/atoms/FinishReadingButton/FinishReadingButton.tsx
FN:12,(anonymous_0)
FN:17,(anonymous_1)
FNF:2
FNH:1
FNDA:1,(anonymous_0)
FNDA:0,(anonymous_1)
DA:12,2
DA:13,1
DA:18,0
DA:19,0
DA:20,0
LF:5
LH:2
BRDA:16,0,0,1
BRDA:16,0,1,0
BRF:2
BRH:1
end_of_record
TN:
SF:src/components/atoms/KindleButton/KindleButton.tsx
FN:6,(anonymous_0)
FNF:1
FNH:1
FNDA:1,(anonymous_0)
DA:6,1
DA:7,1
DA:8,1
LF:3
LH:3
BRF:0
BRH:0
end_of_record
TN:
SF:src/components/atoms/ReadAgainButton/ReadAgainButton.tsx
FN:9,ReadAgainButton
FN:13,(anonymous_1)
FNF:2
FNH:2
FNDA:2,ReadAgainButton
FNDA:1,(anonymous_1)
DA:10,2
DA:14,1
LF:2
LH:2
BRF:0
BRH:0
end_of_record
TN:
SF:src/components/atoms/ReadNowButton/ReadNowButton.tsx
FN:4,(anonymous_0)
FNF:1
FNH:1
FNDA:1,(anonymous_0)
DA:4,2
DA:5,1
LF:2
LH:2
BRF:0
BRH:0
end_of_record
TN:
SF:src/components/atoms/SearchIcon/SearchIconComponent.tsx
FN:4,SearchIconComponent
FNF:1
FNH:1
FNDA:1,SearchIconComponent
DA:5,1
LF:1
LH:1
BRF:0
BRH:0
end_of_record
TN:
SF:src/components/molecules/Explore/Explore.tsx
FN:9,Explore
FN:14,(anonymous_1)
FNF:2
FNH:2
FNDA:1,Explore
FNDA:1,(anonymous_1)
DA:10,1
DA:15,1
LF:2
LH:2
BRF:0
BRH:0
end_of_record
TN:
SF:src/components/molecules/FinishedReadingCard/FinishedReadingCard.tsx
FN:28,FinishedReadingCard
FNF:1
FNH:1
FNDA:1,FinishedReadingCard
DA:29,1
DA:30,1
LF:2
LH:2
BRF:0
BRH:0
end_of_record
TN:
SF:src/components/molecules/Logout/Logout.tsx
FN:9,Logout
FN:14,(anonymous_1)
FNF:2
FNH:2
FNDA:1,Logout
FNDA:1,(anonymous_1)
DA:10,1
DA:14,1
LF:2
LH:2
BRF:0
BRH:0
end_of_record
TN:
SF:src/components/molecules/SearchBar/SearchBar.tsx
FN:15,(anonymous_0)
FN:23,(anonymous_1)
FNF:2
FNH:1
FNDA:1,(anonymous_0)
FNDA:0,(anonymous_1)
DA:15,1
DA:16,1
DA:24,0
DA:25,0
LF:4
LH:2
BRDA:20,0,0,0
BRDA:20,0,1,1
BRF:2
BRH:1
end_of_record
TN:
SF:src/components/organisms/BookDetailPage.tsx
FN:95,(anonymous_0)
FN:106,(anonymous_1)
FNF:2
FNH:0
FNDA:0,(anonymous_0)
FNDA:0,(anonymous_1)
DA:14,1
DA:95,1
DA:96,0
DA:106,0
DA:107,0
DA:109,0
DA:111,0
DA:112,0
LF:8
LH:2
BRF:0
BRH:0
end_of_record
TN:
SF:src/components/organisms/BookTabs.tsx
FN:36,BookTabPanel
FN:56,a11yPropsBook
FN:63,BookTabs
FN:67,(anonymous_3)
FNF:4
FNH:0
FNDA:0,BookTabPanel
FNDA:0,a11yPropsBook
FNDA:0,BookTabs
FNDA:0,(anonymous_3)
DA:9,1
DA:37,0
DA:39,0
DA:57,0
DA:64,0
DA:65,0
DA:67,0
DA:68,0
DA:71,0
LF:9
LH:1
BRDA:47,0,0,0
BRDA:47,0,1,0
BRF:2
BRH:0
end_of_record
TN:
SF:src/components/organisms/EntrepreneurBooks.tsx
FN:56,EntrepreneurBooks
FN:67,(anonymous_1)
FNF:2
FNH:0
FNDA:0,EntrepreneurBooks
FNDA:0,(anonymous_1)
DA:13,1
DA:57,0
DA:58,0
DA:68,0
LF:4
LH:1
BRDA:66,0,0,0
BRDA:66,0,1,0
BRDA:77,1,0,0
BRDA:77,1,1,0
BRDA:107,2,0,0
BRDA:107,2,1,0
BRF:6
BRH:0
end_of_record
TN:
SF:src/components/organisms/FinishedBookList.tsx
FN:75,(anonymous_0)
FN:81,(anonymous_1)
FNF:2
FNH:0
FNDA:0,(anonymous_0)
FNDA:0,(anonymous_1)
DA:14,1
DA:75,1
DA:76,0
DA:77,0
DA:78,0
DA:82,0
DA:83,0
LF:7
LH:2
BRDA:82,0,0,0
BRDA:82,0,1,0
BRF:2
BRH:0
end_of_record
